# JRE version: OpenJDK Runtime Environment (11.0.12+7) (build 11.0.12+7-b1504.28-7817840)
# Java VM: OpenJDK 64-Bit Server VM (11.0.12+7-b1504.28-7817840, mixed mode, tiered, compressed oops, g1 gc, windows-amd64)
Heap:
 garbage-first heap   total 152576K, used 75810K [0x0000000080000000, 0x0000000100000000)
  region size 1024K, 49 young (50176K), 3 survivors (3072K)
 Metaspace       used 48061K, capacity 49315K, committed 49488K, reserved 1091584K
  class space    used 6188K, capacity 6672K, committed 6736K, reserved 1048576K
GC Heap History (14 events):
Event: 0.763 GC heap before
{Heap before GC invocations=0 (full 0):
 garbage-first heap   total 126976K, used 29696K [0x0000000080000000, 0x0000000100000000)
  region size 1024K, 24 young (24576K), 0 survivors (0K)
 Metaspace       used 9866K, capacity 10114K, committed 10368K, reserved 1058816K
  class space    used 1027K, capacity 1102K, committed 1152K, reserved 1048576K
}
Event: 0.771 GC heap after
{Heap after GC invocations=1 (full 0):
 garbage-first heap   total 126976K, used 8992K [0x0000000080000000, 0x0000000100000000)
  region size 1024K, 3 young (3072K), 3 survivors (3072K)
 Metaspace       used 9866K, capacity 10114K, committed 10368K, reserved 1058816K
  class space    used 1027K, capacity 1102K, committed 1152K, reserved 1048576K
}
Event: 2.406 GC heap before
{Heap before GC invocations=1 (full 0):
 garbage-first heap   total 126976K, used 82720K [0x0000000080000000, 0x0000000100000000)
  region size 1024K, 74 young (75776K), 3 survivors (3072K)
 Metaspace       used 17423K, capacity 17807K, committed 18176K, reserved 1064960K
  class space    used 2060K, capacity 2177K, committed 2304K, reserved 1048576K
}
Event: 2.414 GC heap after
{Heap after GC invocations=2 (full 0):
 garbage-first heap   total 126976K, used 15669K [0x0000000080000000, 0x0000000100000000)
  region size 1024K, 10 young (10240K), 10 survivors (10240K)
 Metaspace       used 17423K, capacity 17807K, committed 18176K, reserved 1064960K
  class space    used 2060K, capacity 2177K, committed 2304K, reserved 1048576K
}
Event: 2.907 GC heap before
{Heap before GC invocations=2 (full 0):
 garbage-first heap   total 126976K, used 46389K [0x0000000080000000, 0x0000000100000000)
  region size 1024K, 41 young (41984K), 10 survivors (10240K)
 Metaspace       used 20722K, capacity 21149K, committed 21296K, reserved 1069056K
  class space    used 2560K, capacity 2716K, committed 2816K, reserved 1048576K
}
Event: 2.916 GC heap after
{Heap after GC invocations=3 (full 0):
 garbage-first heap   total 126976K, used 17114K [0x0000000080000000, 0x0000000100000000)
  region size 1024K, 2 young (2048K), 2 survivors (2048K)
 Metaspace       used 20722K, capacity 21149K, committed 21296K, reserved 1069056K
  class space    used 2560K, capacity 2716K, committed 2816K, reserved 1048576K
}
Event: 3.671 GC heap before
{Heap before GC invocations=4 (full 0):
 garbage-first heap   total 126976K, used 76506K [0x0000000080000000, 0x0000000100000000)
  region size 1024K, 60 young (61440K), 2 survivors (2048K)
 Metaspace       used 26899K, capacity 27494K, committed 27648K, reserved 1073152K
  class space    used 3522K, capacity 3735K, committed 3840K, reserved 1048576K
}
Event: 3.674 GC heap after
{Heap after GC invocations=5 (full 0):
 garbage-first heap   total 126976K, used 18909K [0x0000000080000000, 0x0000000100000000)
  region size 1024K, 4 young (4096K), 4 survivors (4096K)
 Metaspace       used 26899K, capacity 27494K, committed 27648K, reserved 1073152K
  class space    used 3522K, capacity 3735K, committed 3840K, reserved 1048576K
}
Event: 4.632 GC heap before
{Heap before GC invocations=5 (full 0):
 garbage-first heap   total 126976K, used 71133K [0x0000000080000000, 0x0000000100000000)
  region size 1024K, 56 young (57344K), 4 survivors (4096K)
 Metaspace       used 35023K, capacity 35836K, committed 35920K, reserved 1081344K
  class space    used 4561K, capacity 4879K, committed 4944K, reserved 1048576K
}
Event: 4.644 GC heap after
{Heap after GC invocations=6 (full 0):
 garbage-first heap   total 126976K, used 22212K [0x0000000080000000, 0x0000000100000000)
  region size 1024K, 7 young (7168K), 7 survivors (7168K)
 Metaspace       used 35023K, capacity 35836K, committed 35920K, reserved 1081344K
  class space    used 4561K, capacity 4879K, committed 4944K, reserved 1048576K
}
Event: 5.336 GC heap before
{Heap before GC invocations=7 (full 0):
 garbage-first heap   total 126976K, used 90820K [0x0000000080000000, 0x0000000100000000)
  region size 1024K, 72 young (73728K), 7 survivors (7168K)
 Metaspace       used 40226K, capacity 41222K, committed 41424K, reserved 1085440K
  class space    used 5149K, capacity 5475K, committed 5584K, reserved 1048576K
}
Event: 5.345 GC heap after
{Heap after GC invocations=8 (full 0):
 garbage-first heap   total 126976K, used 27623K [0x0000000080000000, 0x0000000100000000)
  region size 1024K, 9 young (9216K), 9 survivors (9216K)
 Metaspace       used 40226K, capacity 41222K, committed 41424K, reserved 1085440K
  class space    used 5149K, capacity 5475K, committed 5584K, reserved 1048576K
}
Event: 6.071 GC heap before
{Heap before GC invocations=8 (full 0):
 garbage-first heap   total 126976K, used 93159K [0x0000000080000000, 0x0000000100000000)
  region size 1024K, 72 young (73728K), 9 survivors (9216K)
 Metaspace       used 45994K, capacity 46990K, committed 47056K, reserved 1089536K
  class space    used 5933K, capacity 6323K, committed 6352K, reserved 1048576K
}
Event: 6.084 GC heap after
{Heap after GC invocations=9 (full 0):
 garbage-first heap   total 152576K, used 29730K [0x0000000080000000, 0x0000000100000000)
  region size 1024K, 3 young (3072K), 3 survivors (3072K)
 Metaspace       used 45994K, capacity 46990K, committed 47056K, reserved 1089536K
  class space    used 5933K, capacity 6323K, committed 6352K, reserved 1048576K
}

